2025-04-03 13:01:33,681 Main started
2025-04-03 13:01:33,687 counter plot started
2025-04-03 13:01:34,056 counter plot ended
2025-04-03 13:01:34,057 counter plot started
2025-04-03 13:01:34,158 Using categorical units to plot a list of strings that are all parsable as floats or dates. If these strings should be plotted as numbers, cast to the appropriate data type before plotting.
2025-04-03 13:01:34,161 Using categorical units to plot a list of strings that are all parsable as floats or dates. If these strings should be plotted as numbers, cast to the appropriate data type before plotting.
2025-04-03 13:01:34,230 counter plot ended
2025-04-03 13:01:34,230 counter plot started
2025-04-03 13:01:34,388 counter plot ended
2025-04-03 13:01:34,388 counter plot started
2025-04-03 13:01:34,561 counter plot ended
2025-04-03 13:01:34,562 counter plot started
2025-04-03 13:01:34,852 counter plot ended
2025-04-03 13:01:34,852 scatter plot start
2025-04-03 13:01:35,045 scatter plot finished
2025-04-03 13:01:35,045 svm_model started
2025-04-03 13:01:35,804 calculate_confusion_matrix started
2025-04-03 13:01:35,959 calculate_performance_measures started
2025-04-03 13:01:35,959 Performance Metrics - Sensitivity: 0.525, Specificity: 0.6227272727272727, Accuracy: 0.6076923076923076, Precision: 0.20192307692307693, F1-score: 0.2916666666666667
2025-04-03 13:01:35,999 svm_model finished
2025-04-03 13:01:35,999 Main done
